<?xml version="1.0" encoding="UTF-8"?>
<!-- Generated by org.testng.reporters.JUnitReportReporter -->
<testsuite hostname="FFE-Uppala-Harshavardhan" failures="0" tests="3" name="CreationImplementation.GetMultiRowDataFromExcel" time="0.009" errors="0" timestamp="2025-08-18T12:01:32 IST" skipped="0">
  <testcase classname="CreationImplementation.GetMultiRowDataFromExcel" name="getMultiRowData" time="0.000"/>
  <testcase classname="CreationImplementation.GetMultiRowDataFromExcel" name="getMultiRowData" time="0.001"/>
  <testcase classname="CreationImplementation.GetMultiRowDataFromExcel" name="getMultiRowData" time="0.008"/>
</testsuite> <!-- CreationImplementation.GetMultiRowDataFromExcel -->
