<?xml version="1.0" encoding="UTF-8"?>
<!-- Generated by org.testng.reporters.JUnitReportReporter -->
<testsuite hostname="FFE-Uppala-Harshavardhan" failures="0" tests="1" name="practice.ReadDataFromCMDLine" time="0.013" errors="0" timestamp="2025-08-22T12:45:36 IST" skipped="0">
  <testcase classname="practice.ReadDataFromCMDLine" name="readData" time="0.013"/>
</testsuite> <!-- practice.ReadDataFromCMDLine -->
