<?xml version="1.0" encoding="UTF-8"?>
<!-- Generated by org.testng.reporters.JUnitReportReporter -->
<testsuite hostname="FFE-Uppala-Harshavardhan" failures="0" tests="3" name="CreationImplementation.DataProviderAttribute" time="0.024" errors="0" timestamp="2025-08-18T11:46:43 IST" skipped="0">
  <testcase classname="CreationImplementation.DataProviderAttribute" name="create" time="0.001"/>
  <testcase classname="CreationImplementation.DataProviderAttribute" name="create" time="0.022"/>
  <testcase classname="CreationImplementation.DataProviderAttribute" name="create" time="0.001"/>
</testsuite> <!-- CreationImplementation.DataProviderAttribute -->
