<?xml version="1.0" encoding="UTF-8"?>
<!-- Generated by org.testng.reporters.JUnitReportReporter -->
<testsuite hostname="FFE-Uppala-Harshavardhan" failures="0" tests="1" name="CreationImplementation.CreateCampaignTest" time="9.712" errors="0" timestamp="2025-08-23T11:31:02 IST" skipped="0">
  <testcase classname="CreationImplementation.CreateCampaignTest" name="createCampaignTC_IN_001Test" time="9.712"/>
</testsuite> <!-- CreationImplementation.CreateCampaignTest -->
