<?xml version="1.0" encoding="UTF-8"?>
<!-- Generated by org.testng.reporters.JUnitReportReporter -->
<testsuite hostname="FFE-Uppala-Harshavardhan" failures="0" tests="1" name="CreationImplementation.CreateOpportunitiesTest" time="10.125" errors="0" timestamp="2025-08-16T19:17:28 IST" skipped="0">
  <testcase classname="CreationImplementation.CreateOpportunitiesTest" name="createOpportunitiesTest_IN_001" time="10.125"/>
</testsuite> <!-- CreationImplementation.CreateOpportunitiesTest -->
