<?xml version="1.0" encoding="UTF-8"?>
<!-- Generated by org.testng.reporters.JUnitReportReporter -->
<testsuite hostname="FFE-Uppala-Harshavardhan" failures="0" tests="1" name="CreationImplementation.CreateContactTest" time="15.638" errors="0" timestamp="2025-08-21T12:45:12 IST" skipped="0">
  <testcase classname="CreationImplementation.CreateContactTest" name="createcotactTc_IN_OO1_Test" time="15.638"/>
</testsuite> <!-- CreationImplementation.CreateContactTest -->
