<?xml version="1.0" encoding="UTF-8"?>
<!-- Generated by org.testng.reporters.JUnitReportReporter -->
<testsuite hostname="FFE-Uppala-Harshavardhan" failures="0" tests="1" name="practice.CreatePurchaseOrderWithProductAndContact_E2E_01_Test" time="12.110" errors="0" timestamp="2025-08-14T10:36:35 IST" skipped="0">
  <testcase classname="practice.CreatePurchaseOrderWithProductAndContact_E2E_01_Test" name="CreatePurchaseOrderWithProductAndContactTest" time="12.110"/>
</testsuite> <!-- practice.CreatePurchaseOrderWithProductAndContact_E2E_01_Test -->
