<?xml version="1.0" encoding="UTF-8"?>
<!-- Generated by org.testng.reporters.JUnitReportReporter -->
<testsuite hostname="FFE-Uppala-Harshavardhan" failures="0" tests="1" name="CreationImplementation.CreateCampaignTest" time="7.646" errors="0" timestamp="2025-08-21T12:47:01 IST" skipped="0">
  <testcase classname="CreationImplementation.CreateCampaignTest" name="createCampaignTC_IN_001Test" time="7.646"/>
</testsuite> <!-- CreationImplementation.CreateCampaignTest -->
